  draw.cpp
  editor.cpp
  files.cpp
  init.cpp
  items_editor.cpp
  stat_editor.cpp
  stat_shared.cpp
C:\Users\Lucas\Desktop\Work\Barony-abyss delver\Barony\src\main.hpp(55,1): warning C4005: 'PATH_MAX': macro redefinition (compiling source file ..\..\src\editor.cpp)
C:\Users\Lucas\Desktop\Work\Barony-abyss delver\Barony\VS-includes\dirent.h(150): message : see previous definition of 'PATH_MAX' (compiling source file ..\..\src\editor.cpp)
C:\Users\Lucas\Desktop\Work\Barony-abyss delver\Barony\src\main.hpp(55,1): warning C4005: 'PATH_MAX': macro redefinition (compiling source file ..\..\src\stat_editor.cpp)
C:\Users\Lucas\Desktop\Work\Barony-abyss delver\Barony\VS-includes\dirent.h(150): message : see previous definition of 'PATH_MAX' (compiling source file ..\..\src\stat_editor.cpp)
C:\Users\Lucas\Desktop\Work\Barony-abyss delver\Barony\src\main.hpp(55,1): warning C4005: 'PATH_MAX': macro redefinition (compiling source file ..\..\src\draw.cpp)
C:\Users\Lucas\Desktop\Work\Barony-abyss delver\Barony\VS-includes\dirent.h(150): message : see previous definition of 'PATH_MAX' (compiling source file ..\..\src\draw.cpp)
C:\Users\Lucas\Desktop\Work\Barony-abyss delver\Barony\src\main.hpp(55,1): warning C4005: 'PATH_MAX': macro redefinition (compiling source file ..\..\src\init.cpp)
C:\Users\Lucas\Desktop\Work\Barony-abyss delver\Barony\VS-includes\dirent.h(150): message : see previous definition of 'PATH_MAX' (compiling source file ..\..\src\init.cpp)
C:\Users\Lucas\Desktop\Work\Barony-abyss delver\Barony\src\main.hpp(55,1): warning C4005: 'PATH_MAX': macro redefinition (compiling source file ..\..\src\items_editor.cpp)
C:\Users\Lucas\Desktop\Work\Barony-abyss delver\Barony\VS-includes\dirent.h(150): message : see previous definition of 'PATH_MAX' (compiling source file ..\..\src\items_editor.cpp)
C:\Users\Lucas\Desktop\Work\Barony-abyss delver\Barony\src\main.hpp(55,1): warning C4005: 'PATH_MAX': macro redefinition (compiling source file ..\..\src\stat_shared.cpp)
C:\Users\Lucas\Desktop\Work\Barony-abyss delver\Barony\VS-includes\dirent.h(150): message : see previous definition of 'PATH_MAX' (compiling source file ..\..\src\stat_shared.cpp)
C:\Users\Lucas\Desktop\Work\Barony-abyss delver\Barony\src\main.hpp(55,1): warning C4005: 'PATH_MAX': macro redefinition (compiling source file ..\..\src\files.cpp)
C:\Users\Lucas\Desktop\Work\Barony-abyss delver\Barony\VS-includes\dirent.h(150): message : see previous definition of 'PATH_MAX' (compiling source file ..\..\src\files.cpp)
C:\Users\Lucas\Desktop\Work\Barony-abyss delver\Barony\src\magic\magic.hpp(385,2): warning C4091: 'typedef ': ignored on left of 'spell_t' when no variable is declared (compiling source file ..\..\src\stat_editor.cpp)
C:\Users\Lucas\Desktop\Work\Barony-abyss delver\Barony\src\stat_editor.cpp(33,10): warning C4101: 'node': unreferenced local variable
C:\Users\Lucas\Desktop\Work\Barony-abyss delver\Barony\src\draw.cpp(218,12): warning C4244: '=': conversion from 'real_t' to 'int', possible loss of data
C:\Users\Lucas\Desktop\Work\Barony-abyss delver\Barony\src\draw.cpp(220,18): warning C4244: 'initializing': conversion from 'double' to 'float', possible loss of data
C:\Users\Lucas\Desktop\Work\Barony-abyss delver\Barony\src\draw.cpp(221,55): warning C4244: 'argument': conversion from 'double' to 'GLfloat', possible loss of data
C:\Users\Lucas\Desktop\Work\Barony-abyss delver\Barony\src\draw.cpp(221,45): warning C4244: 'argument': conversion from 'double' to 'GLfloat', possible loss of data
C:\Users\Lucas\Desktop\Work\Barony-abyss delver\Barony\src\draw.cpp(227,14): warning C4244: 'argument': conversion from 'GLint' to 'GLfloat', possible loss of data
C:\Users\Lucas\Desktop\Work\Barony-abyss delver\Barony\src\draw.cpp(262,12): warning C4244: '=': conversion from 'real_t' to 'int', possible loss of data
C:\Users\Lucas\Desktop\Work\Barony-abyss delver\Barony\src\draw.cpp(264,18): warning C4244: 'initializing': conversion from 'double' to 'float', possible loss of data
C:\Users\Lucas\Desktop\Work\Barony-abyss delver\Barony\src\draw.cpp(265,55): warning C4244: 'argument': conversion from 'double' to 'GLfloat', possible loss of data
C:\Users\Lucas\Desktop\Work\Barony-abyss delver\Barony\src\draw.cpp(265,45): warning C4244: 'argument': conversion from 'double' to 'GLfloat', possible loss of data
C:\Users\Lucas\Desktop\Work\Barony-abyss delver\Barony\src\draw.cpp(271,14): warning C4244: 'argument': conversion from 'GLint' to 'GLfloat', possible loss of data
C:\Users\Lucas\Desktop\Work\Barony-abyss delver\Barony\src\draw.cpp(304,26): warning C4244: 'argument': conversion from 'int' to 'GLfloat', possible loss of data
C:\Users\Lucas\Desktop\Work\Barony-abyss delver\Barony\src\draw.cpp(304,16): warning C4244: 'argument': conversion from 'int' to 'GLfloat', possible loss of data
C:\Users\Lucas\Desktop\Work\Barony-abyss delver\Barony\src\draw.cpp(305,26): warning C4244: 'argument': conversion from 'int' to 'GLfloat', possible loss of data
C:\Users\Lucas\Desktop\Work\Barony-abyss delver\Barony\src\draw.cpp(305,16): warning C4244: 'argument': conversion from 'int' to 'GLfloat', possible loss of data
C:\Users\Lucas\Desktop\Work\Barony-abyss delver\Barony\src\draw.cpp(310,14): warning C4244: 'argument': conversion from 'GLint' to 'GLfloat', possible loss of data
C:\Users\Lucas\Desktop\Work\Barony-abyss delver\Barony\src\draw.cpp(349,26): warning C4244: 'argument': conversion from 'int' to 'GLfloat', possible loss of data
C:\Users\Lucas\Desktop\Work\Barony-abyss delver\Barony\src\draw.cpp(349,16): warning C4244: 'argument': conversion from 'int' to 'GLfloat', possible loss of data
C:\Users\Lucas\Desktop\Work\Barony-abyss delver\Barony\src\draw.cpp(350,35): warning C4244: 'argument': conversion from 'int' to 'GLfloat', possible loss of data
C:\Users\Lucas\Desktop\Work\Barony-abyss delver\Barony\src\draw.cpp(350,16): warning C4244: 'argument': conversion from 'int' to 'GLfloat', possible loss of data
C:\Users\Lucas\Desktop\Work\Barony-abyss delver\Barony\src\draw.cpp(351,44): warning C4244: 'argument': conversion from 'int' to 'GLfloat', possible loss of data
C:\Users\Lucas\Desktop\Work\Barony-abyss delver\Barony\src\draw.cpp(351,20): warning C4244: 'argument': conversion from 'int' to 'GLfloat', possible loss of data
C:\Users\Lucas\Desktop\Work\Barony-abyss delver\Barony\src\draw.cpp(352,35): warning C4244: 'argument': conversion from 'int' to 'GLfloat', possible loss of data
C:\Users\Lucas\Desktop\Work\Barony-abyss delver\Barony\src\draw.cpp(352,20): warning C4244: 'argument': conversion from 'int' to 'GLfloat', possible loss of data
C:\Users\Lucas\Desktop\Work\Barony-abyss delver\Barony\src\draw.cpp(393,64): warning C4244: '=': conversion from 'double' to 'Sint16', possible loss of data
C:\Users\Lucas\Desktop\Work\Barony-abyss delver\Barony\src\draw.cpp(394,64): warning C4244: '=': conversion from 'double' to 'Sint16', possible loss of data
C:\Users\Lucas\Desktop\Work\Barony-abyss delver\Barony\src\draw.cpp(395,75): warning C4244: '=': conversion from 'double' to 'Sint16', possible loss of data
C:\Users\Lucas\Desktop\Work\Barony-abyss delver\Barony\src\draw.cpp(396,75): warning C4244: '=': conversion from 'double' to 'Sint16', possible loss of data
C:\Users\Lucas\Desktop\Work\Barony-abyss delver\Barony\src\draw.cpp(398,64): warning C4244: '=': conversion from 'double' to 'Sint16', possible loss of data
C:\Users\Lucas\Desktop\Work\Barony-abyss delver\Barony\src\draw.cpp(399,64): warning C4244: '=': conversion from 'double' to 'Sint16', possible loss of data
C:\Users\Lucas\Desktop\Work\Barony-abyss delver\Barony\src\draw.cpp(400,75): warning C4244: '=': conversion from 'double' to 'Sint16', possible loss of data
C:\Users\Lucas\Desktop\Work\Barony-abyss delver\Barony\src\draw.cpp(401,75): warning C4244: '=': conversion from 'double' to 'Sint16', possible loss of data
C:\Users\Lucas\Desktop\Work\Barony-abyss delver\Barony\src\draw.cpp(432,28): warning C4244: 'argument': conversion from 'int' to 'GLfloat', possible loss of data
C:\Users\Lucas\Desktop\Work\Barony-abyss delver\Barony\src\draw.cpp(432,18): warning C4244: 'argument': conversion from 'int' to 'GLfloat', possible loss of data
C:\Users\Lucas\Desktop\Work\Barony-abyss delver\Barony\src\draw.cpp(433,25): warning C4244: 'argument': conversion from 'real_t' to 'GLfloat', possible loss of data
C:\Users\Lucas\Desktop\Work\Barony-abyss delver\Barony\src\draw.cpp(447,27): warning C4244: 'argument': conversion from 'double' to 'GLfloat', possible loss of data
C:\Users\Lucas\Desktop\Work\Barony-abyss delver\Barony\src\draw.cpp(449,54): warning C4244: 'argument': conversion from 'double' to 'GLfloat', possible loss of data
C:\Users\Lucas\Desktop\Work\Barony-abyss delver\Barony\src\draw.cpp(449,19): warning C4244: 'argument': conversion from 'double' to 'GLfloat', possible loss of data
C:\Users\Lucas\Desktop\Work\Barony-abyss delver\Barony\src\draw.cpp(450,33): warning C4244: 'argument': conversion from 'int' to 'GLfloat', possible loss of data
C:\Users\Lucas\Desktop\Work\Barony-abyss delver\Barony\src\draw.cpp(450,21): warning C4244: 'argument': conversion from 'int' to 'GLfloat', possible loss of data
C:\Users\Lucas\Desktop\Work\Barony-abyss delver\Barony\src\draw.cpp(451,54): warning C4244: 'argument': conversion from 'double' to 'GLfloat', possible loss of data
C:\Users\Lucas\Desktop\Work\Barony-abyss delver\Barony\src\draw.cpp(451,19): warning C4244: 'argument': conversion from 'double' to 'GLfloat', possible loss of data
C:\Users\Lucas\Desktop\Work\Barony-abyss delver\Barony\src\draw.cpp(452,34): warning C4244: 'argument': conversion from 'int' to 'GLfloat', possible loss of data
C:\Users\Lucas\Desktop\Work\Barony-abyss delver\Barony\src\draw.cpp(452,21): warning C4244: 'argument': conversion from 'int' to 'GLfloat', possible loss of data
C:\Users\Lucas\Desktop\Work\Barony-abyss delver\Barony\src\draw.cpp(453,65): warning C4244: 'argument': conversion from 'double' to 'GLfloat', possible loss of data
C:\Users\Lucas\Desktop\Work\Barony-abyss delver\Barony\src\draw.cpp(453,19): warning C4244: 'argument': conversion from 'double' to 'GLfloat', possible loss of data
C:\Users\Lucas\Desktop\Work\Barony-abyss delver\Barony\src\draw.cpp(454,33): warning C4244: 'argument': conversion from 'int' to 'GLfloat', possible loss of data
C:\Users\Lucas\Desktop\Work\Barony-abyss delver\Barony\src\draw.cpp(454,20): warning C4244: 'argument': conversion from 'int' to 'GLfloat', possible loss of data
C:\Users\Lucas\Desktop\Work\Barony-abyss delver\Barony\src\draw.cpp(455,65): warning C4244: 'argument': conversion from 'double' to 'GLfloat', possible loss of data
C:\Users\Lucas\Desktop\Work\Barony-abyss delver\Barony\src\draw.cpp(455,19): warning C4244: 'argument': conversion from 'double' to 'GLfloat', possible loss of data
C:\Users\Lucas\Desktop\Work\Barony-abyss delver\Barony\src\draw.cpp(456,32): warning C4244: 'argument': conversion from 'int' to 'GLfloat', possible loss of data
C:\Users\Lucas\Desktop\Work\Barony-abyss delver\Barony\src\draw.cpp(456,20): warning C4244: 'argument': conversion from 'int' to 'GLfloat', possible loss of data
C:\Users\Lucas\Desktop\Work\Barony-abyss delver\Barony\src\draw.cpp(500,21): warning C4244: 'argument': conversion from 'real_t' to 'GLfloat', possible loss of data
C:\Users\Lucas\Desktop\Work\Barony-abyss delver\Barony\src\draw.cpp(500,18): warning C4244: 'argument': conversion from 'real_t' to 'GLfloat', possible loss of data
C:\Users\Lucas\Desktop\Work\Barony-abyss delver\Barony\src\draw.cpp(500,15): warning C4244: 'argument': conversion from 'real_t' to 'GLfloat', possible loss of data
C:\Users\Lucas\Desktop\Work\Barony-abyss delver\Barony\src\draw.cpp(500,12): warning C4244: 'argument': conversion from 'real_t' to 'GLfloat', possible loss of data
C:\Users\Lucas\Desktop\Work\Barony-abyss delver\Barony\src\draw.cpp(503,54): warning C4244: 'argument': conversion from 'double' to 'GLfloat', possible loss of data
C:\Users\Lucas\Desktop\Work\Barony-abyss delver\Barony\src\draw.cpp(503,19): warning C4244: 'argument': conversion from 'double' to 'GLfloat', possible loss of data
C:\Users\Lucas\Desktop\Work\Barony-abyss delver\Barony\src\draw.cpp(504,26): warning C4244: 'argument': conversion from 'int' to 'GLfloat', possible loss of data
C:\Users\Lucas\Desktop\Work\Barony-abyss delver\Barony\src\draw.cpp(504,16): warning C4244: 'argument': conversion from 'int' to 'GLfloat', possible loss of data
C:\Users\Lucas\Desktop\Work\Barony-abyss delver\Barony\src\draw.cpp(505,54): warning C4244: 'argument': conversion from 'double' to 'GLfloat', possible loss of data
C:\Users\Lucas\Desktop\Work\Barony-abyss delver\Barony\src\draw.cpp(505,19): warning C4244: 'argument': conversion from 'double' to 'GLfloat', possible loss of data
C:\Users\Lucas\Desktop\Work\Barony-abyss delver\Barony\src\draw.cpp(506,35): warning C4244: 'argument': conversion from 'int' to 'GLfloat', possible loss of data
C:\Users\Lucas\Desktop\Work\Barony-abyss delver\Barony\src\draw.cpp(506,16): warning C4244: 'argument': conversion from 'int' to 'GLfloat', possible loss of data
C:\Users\Lucas\Desktop\Work\Barony-abyss delver\Barony\src\draw.cpp(507,65): warning C4244: 'argument': conversion from 'double' to 'GLfloat', possible loss of data
C:\Users\Lucas\Desktop\Work\Barony-abyss delver\Barony\src\draw.cpp(507,19): warning C4244: 'argument': conversion from 'double' to 'GLfloat', possible loss of data
C:\Users\Lucas\Desktop\Work\Barony-abyss delver\Barony\src\draw.cpp(508,44): warning C4244: 'argument': conversion from 'int' to 'GLfloat', possible loss of data
C:\Users\Lucas\Desktop\Work\Barony-abyss delver\Barony\src\draw.cpp(508,20): warning C4244: 'argument': conversion from 'int' to 'GLfloat', possible loss of data
C:\Users\Lucas\Desktop\Work\Barony-abyss delver\Barony\src\draw.cpp(509,65): warning C4244: 'argument': conversion from 'double' to 'GLfloat', possible loss of data
C:\Users\Lucas\Desktop\Work\Barony-abyss delver\Barony\src\draw.cpp(509,19): warning C4244: 'argument': conversion from 'double' to 'GLfloat', possible loss of data
C:\Users\Lucas\Desktop\Work\Barony-abyss delver\Barony\src\draw.cpp(510,35): warning C4244: 'argument': conversion from 'int' to 'GLfloat', possible loss of data
C:\Users\Lucas\Desktop\Work\Barony-abyss delver\Barony\src\draw.cpp(510,20): warning C4244: 'argument': conversion from 'int' to 'GLfloat', possible loss of data
C:\Users\Lucas\Desktop\Work\Barony-abyss delver\Barony\src\draw.cpp(550,27): warning C4244: 'argument': conversion from 'double' to 'GLfloat', possible loss of data
C:\Users\Lucas\Desktop\Work\Barony-abyss delver\Barony\src\draw.cpp(553,54): warning C4244: 'argument': conversion from 'double' to 'GLfloat', possible loss of data
C:\Users\Lucas\Desktop\Work\Barony-abyss delver\Barony\src\draw.cpp(553,19): warning C4244: 'argument': conversion from 'double' to 'GLfloat', possible loss of data
C:\Users\Lucas\Desktop\Work\Barony-abyss delver\Barony\src\draw.cpp(554,26): warning C4244: 'argument': conversion from 'int' to 'GLfloat', possible loss of data
C:\Users\Lucas\Desktop\Work\Barony-abyss delver\Barony\src\draw.cpp(554,16): warning C4244: 'argument': conversion from 'int' to 'GLfloat', possible loss of data
C:\Users\Lucas\Desktop\Work\Barony-abyss delver\Barony\src\draw.cpp(555,54): warning C4244: 'argument': conversion from 'double' to 'GLfloat', possible loss of data
C:\Users\Lucas\Desktop\Work\Barony-abyss delver\Barony\src\draw.cpp(555,19): warning C4244: 'argument': conversion from 'double' to 'GLfloat', possible loss of data
C:\Users\Lucas\Desktop\Work\Barony-abyss delver\Barony\src\draw.cpp(556,35): warning C4244: 'argument': conversion from 'int' to 'GLfloat', possible loss of data
C:\Users\Lucas\Desktop\Work\Barony-abyss delver\Barony\src\draw.cpp(556,16): warning C4244: 'argument': conversion from 'int' to 'GLfloat', possible loss of data
C:\Users\Lucas\Desktop\Work\Barony-abyss delver\Barony\src\draw.cpp(557,65): warning C4244: 'argument': conversion from 'double' to 'GLfloat', possible loss of data
C:\Users\Lucas\Desktop\Work\Barony-abyss delver\Barony\src\draw.cpp(557,19): warning C4244: 'argument': conversion from 'double' to 'GLfloat', possible loss of data
C:\Users\Lucas\Desktop\Work\Barony-abyss delver\Barony\src\draw.cpp(558,44): warning C4244: 'argument': conversion from 'int' to 'GLfloat', possible loss of data
C:\Users\Lucas\Desktop\Work\Barony-abyss delver\Barony\src\draw.cpp(558,20): warning C4244: 'argument': conversion from 'int' to 'GLfloat', possible loss of data
C:\Users\Lucas\Desktop\Work\Barony-abyss delver\Barony\src\draw.cpp(559,65): warning C4244: 'argument': conversion from 'double' to 'GLfloat', possible loss of data
C:\Users\Lucas\Desktop\Work\Barony-abyss delver\Barony\src\draw.cpp(559,19): warning C4244: 'argument': conversion from 'double' to 'GLfloat', possible loss of data
C:\Users\Lucas\Desktop\Work\Barony-abyss delver\Barony\src\draw.cpp(560,35): warning C4244: 'argument': conversion from 'int' to 'GLfloat', possible loss of data
C:\Users\Lucas\Desktop\Work\Barony-abyss delver\Barony\src\draw.cpp(560,20): warning C4244: 'argument': conversion from 'int' to 'GLfloat', possible loss of data
C:\Users\Lucas\Desktop\Work\Barony-abyss delver\Barony\src\draw.cpp(603,54): warning C4244: 'argument': conversion from 'double' to 'GLfloat', possible loss of data
C:\Users\Lucas\Desktop\Work\Barony-abyss delver\Barony\src\draw.cpp(603,19): warning C4244: 'argument': conversion from 'double' to 'GLfloat', possible loss of data
C:\Users\Lucas\Desktop\Work\Barony-abyss delver\Barony\src\draw.cpp(604,26): warning C4244: 'argument': conversion from 'int' to 'GLfloat', possible loss of data
C:\Users\Lucas\Desktop\Work\Barony-abyss delver\Barony\src\draw.cpp(604,16): warning C4244: 'argument': conversion from 'int' to 'GLfloat', possible loss of data
C:\Users\Lucas\Desktop\Work\Barony-abyss delver\Barony\src\draw.cpp(605,54): warning C4244: 'argument': conversion from 'double' to 'GLfloat', possible loss of data
C:\Users\Lucas\Desktop\Work\Barony-abyss delver\Barony\src\draw.cpp(605,19): warning C4244: 'argument': conversion from 'double' to 'GLfloat', possible loss of data
C:\Users\Lucas\Desktop\Work\Barony-abyss delver\Barony\src\draw.cpp(606,35): warning C4244: 'argument': conversion from 'int' to 'GLfloat', possible loss of data
C:\Users\Lucas\Desktop\Work\Barony-abyss delver\Barony\src\draw.cpp(606,16): warning C4244: 'argument': conversion from 'int' to 'GLfloat', possible loss of data
C:\Users\Lucas\Desktop\Work\Barony-abyss delver\Barony\src\draw.cpp(607,65): warning C4244: 'argument': conversion from 'double' to 'GLfloat', possible loss of data
C:\Users\Lucas\Desktop\Work\Barony-abyss delver\Barony\src\draw.cpp(607,19): warning C4244: 'argument': conversion from 'double' to 'GLfloat', possible loss of data
C:\Users\Lucas\Desktop\Work\Barony-abyss delver\Barony\src\draw.cpp(608,44): warning C4244: 'argument': conversion from 'int' to 'GLfloat', possible loss of data
C:\Users\Lucas\Desktop\Work\Barony-abyss delver\Barony\src\draw.cpp(608,20): warning C4244: 'argument': conversion from 'int' to 'GLfloat', possible loss of data
C:\Users\Lucas\Desktop\Work\Barony-abyss delver\Barony\src\draw.cpp(609,65): warning C4244: 'argument': conversion from 'double' to 'GLfloat', possible loss of data
C:\Users\Lucas\Desktop\Work\Barony-abyss delver\Barony\src\draw.cpp(609,19): warning C4244: 'argument': conversion from 'double' to 'GLfloat', possible loss of data
C:\Users\Lucas\Desktop\Work\Barony-abyss delver\Barony\src\draw.cpp(610,35): warning C4244: 'argument': conversion from 'int' to 'GLfloat', possible loss of data
C:\Users\Lucas\Desktop\Work\Barony-abyss delver\Barony\src\draw.cpp(610,20): warning C4244: 'argument': conversion from 'int' to 'GLfloat', possible loss of data
C:\Users\Lucas\Desktop\Work\Barony-abyss delver\Barony\src\draw.cpp(672,42): warning C4244: 'argument': conversion from 'real_t' to 'GLfloat', possible loss of data
C:\Users\Lucas\Desktop\Work\Barony-abyss delver\Barony\src\draw.cpp(672,24): warning C4244: 'argument': conversion from 'real_t' to 'GLfloat', possible loss of data
C:\Users\Lucas\Desktop\Work\Barony-abyss delver\Barony\src\draw.cpp(674,42): warning C4244: 'argument': conversion from 'real_t' to 'GLfloat', possible loss of data
C:\Users\Lucas\Desktop\Work\Barony-abyss delver\Barony\src\draw.cpp(674,24): warning C4244: 'argument': conversion from 'real_t' to 'GLfloat', possible loss of data
C:\Users\Lucas\Desktop\Work\Barony-abyss delver\Barony\src\draw.cpp(779,26): warning C4244: 'argument': conversion from 'int' to 'GLfloat', possible loss of data
C:\Users\Lucas\Desktop\Work\Barony-abyss delver\Barony\src\draw.cpp(779,16): warning C4244: 'argument': conversion from 'int' to 'GLfloat', possible loss of data
C:\Users\Lucas\Desktop\Work\Barony-abyss delver\Barony\src\draw.cpp(781,35): warning C4244: 'argument': conversion from 'int' to 'GLfloat', possible loss of data
C:\Users\Lucas\Desktop\Work\Barony-abyss delver\Barony\src\draw.cpp(781,16): warning C4244: 'argument': conversion from 'int' to 'GLfloat', possible loss of data
C:\Users\Lucas\Desktop\Work\Barony-abyss delver\Barony\src\draw.cpp(783,44): warning C4244: 'argument': conversion from 'int' to 'GLfloat', possible loss of data
C:\Users\Lucas\Desktop\Work\Barony-abyss delver\Barony\src\draw.cpp(783,20): warning C4244: 'argument': conversion from 'int' to 'GLfloat', possible loss of data
C:\Users\Lucas\Desktop\Work\Barony-abyss delver\Barony\src\draw.cpp(785,35): warning C4244: 'argument': conversion from 'int' to 'GLfloat', possible loss of data
C:\Users\Lucas\Desktop\Work\Barony-abyss delver\Barony\src\draw.cpp(785,20): warning C4244: 'argument': conversion from 'int' to 'GLfloat', possible loss of data
C:\Users\Lucas\Desktop\Work\Barony-abyss delver\Barony\src\draw.cpp(829,21): warning C4244: 'argument': conversion from 'real_t' to 'GLfloat', possible loss of data
C:\Users\Lucas\Desktop\Work\Barony-abyss delver\Barony\src\draw.cpp(829,18): warning C4244: 'argument': conversion from 'real_t' to 'GLfloat', possible loss of data
C:\Users\Lucas\Desktop\Work\Barony-abyss delver\Barony\src\draw.cpp(829,15): warning C4244: 'argument': conversion from 'real_t' to 'GLfloat', possible loss of data
C:\Users\Lucas\Desktop\Work\Barony-abyss delver\Barony\src\draw.cpp(829,12): warning C4244: 'argument': conversion from 'real_t' to 'GLfloat', possible loss of data
C:\Users\Lucas\Desktop\Work\Barony-abyss delver\Barony\src\draw.cpp(833,26): warning C4244: 'argument': conversion from 'int' to 'GLfloat', possible loss of data
C:\Users\Lucas\Desktop\Work\Barony-abyss delver\Barony\src\draw.cpp(833,16): warning C4244: 'argument': conversion from 'int' to 'GLfloat', possible loss of data
C:\Users\Lucas\Desktop\Work\Barony-abyss delver\Barony\src\draw.cpp(835,35): warning C4244: 'argument': conversion from 'int' to 'GLfloat', possible loss of data
C:\Users\Lucas\Desktop\Work\Barony-abyss delver\Barony\src\draw.cpp(835,16): warning C4244: 'argument': conversion from 'int' to 'GLfloat', possible loss of data
C:\Users\Lucas\Desktop\Work\Barony-abyss delver\Barony\src\draw.cpp(837,44): warning C4244: 'argument': conversion from 'int' to 'GLfloat', possible loss of data
C:\Users\Lucas\Desktop\Work\Barony-abyss delver\Barony\src\draw.cpp(837,20): warning C4244: 'argument': conversion from 'int' to 'GLfloat', possible loss of data
C:\Users\Lucas\Desktop\Work\Barony-abyss delver\Barony\src\draw.cpp(839,35): warning C4244: 'argument': conversion from 'int' to 'GLfloat', possible loss of data
C:\Users\Lucas\Desktop\Work\Barony-abyss delver\Barony\src\draw.cpp(839,20): warning C4244: 'argument': conversion from 'int' to 'GLfloat', possible loss of data
C:\Users\Lucas\Desktop\Work\Barony-abyss delver\Barony\src\draw.cpp(906,28): warning C4244: 'argument': conversion from 'int' to 'GLfloat', possible loss of data
C:\Users\Lucas\Desktop\Work\Barony-abyss delver\Barony\src\draw.cpp(906,18): warning C4244: 'argument': conversion from 'int' to 'GLfloat', possible loss of data
C:\Users\Lucas\Desktop\Work\Barony-abyss delver\Barony\src\draw.cpp(907,25): warning C4244: 'argument': conversion from 'real_t' to 'GLfloat', possible loss of data
C:\Users\Lucas\Desktop\Work\Barony-abyss delver\Barony\src\draw.cpp(925,21): warning C4244: 'argument': conversion from 'real_t' to 'GLfloat', possible loss of data
C:\Users\Lucas\Desktop\Work\Barony-abyss delver\Barony\src\draw.cpp(925,18): warning C4244: 'argument': conversion from 'real_t' to 'GLfloat', possible loss of data
C:\Users\Lucas\Desktop\Work\Barony-abyss delver\Barony\src\editor.cpp(321,84): warning C4244: '=': conversion from 'real_t' to 'Sint32', possible loss of data
C:\Users\Lucas\Desktop\Work\Barony-abyss delver\Barony\src\draw.cpp(925,15): warning C4244: 'argument': conversion from 'real_t' to 'GLfloat', possible loss of data
C:\Users\Lucas\Desktop\Work\Barony-abyss delver\Barony\src\editor.cpp(322,77): warning C4244: '=': conversion from 'real_t' to 'Sint32', possible loss of data
C:\Users\Lucas\Desktop\Work\Barony-abyss delver\Barony\src\draw.cpp(925,12): warning C4244: 'argument': conversion from 'real_t' to 'GLfloat', possible loss of data
C:\Users\Lucas\Desktop\Work\Barony-abyss delver\Barony\src\draw.cpp(928,71): warning C4244: 'argument': conversion from 'real_t' to 'GLfloat', possible loss of data
C:\Users\Lucas\Desktop\Work\Barony-abyss delver\Barony\src\draw.cpp(928,32): warning C4244: 'argument': conversion from 'real_t' to 'GLfloat', possible loss of data
C:\Users\Lucas\Desktop\Work\Barony-abyss delver\Barony\src\draw.cpp(930,82): warning C4244: 'argument': conversion from 'real_t' to 'GLfloat', possible loss of data
C:\Users\Lucas\Desktop\Work\Barony-abyss delver\Barony\src\draw.cpp(930,32): warning C4244: 'argument': conversion from 'real_t' to 'GLfloat', possible loss of data
C:\Users\Lucas\Desktop\Work\Barony-abyss delver\Barony\src\draw.cpp(931,16): warning C4244: 'argument': conversion from 'int' to 'GLfloat', possible loss of data
C:\Users\Lucas\Desktop\Work\Barony-abyss delver\Barony\src\draw.cpp(932,93): warning C4244: 'argument': conversion from 'real_t' to 'GLfloat', possible loss of data
C:\Users\Lucas\Desktop\Work\Barony-abyss delver\Barony\src\draw.cpp(932,43): warning C4244: 'argument': conversion from 'real_t' to 'GLfloat', possible loss of data
C:\Users\Lucas\Desktop\Work\Barony-abyss delver\Barony\src\draw.cpp(933,21): warning C4244: 'argument': conversion from 'int' to 'GLfloat', possible loss of data
C:\Users\Lucas\Desktop\Work\Barony-abyss delver\Barony\src\draw.cpp(933,16): warning C4244: 'argument': conversion from 'int' to 'GLfloat', possible loss of data
C:\Users\Lucas\Desktop\Work\Barony-abyss delver\Barony\src\editor.cpp(488,41): warning C4018: '<': signed/unsigned mismatch
C:\Users\Lucas\Desktop\Work\Barony-abyss delver\Barony\src\draw.cpp(934,82): warning C4244: 'argument': conversion from 'real_t' to 'GLfloat', possible loss of data
C:\Users\Lucas\Desktop\Work\Barony-abyss delver\Barony\src\editor.cpp(490,42): warning C4018: '<': signed/unsigned mismatch
C:\Users\Lucas\Desktop\Work\Barony-abyss delver\Barony\src\draw.cpp(934,43): warning C4244: 'argument': conversion from 'real_t' to 'GLfloat', possible loss of data
C:\Users\Lucas\Desktop\Work\Barony-abyss delver\Barony\src\editor.cpp(520,42): warning C4018: '<': signed/unsigned mismatch
C:\Users\Lucas\Desktop\Work\Barony-abyss delver\Barony\src\draw.cpp(935,16): warning C4244: 'argument': conversion from 'int' to 'GLfloat', possible loss of data
C:\Users\Lucas\Desktop\Work\Barony-abyss delver\Barony\src\editor.cpp(520,103): warning C4018: '<': signed/unsigned mismatch
C:\Users\Lucas\Desktop\Work\Barony-abyss delver\Barony\src\editor.cpp(522,43): warning C4018: '<': signed/unsigned mismatch
C:\Users\Lucas\Desktop\Work\Barony-abyss delver\Barony\src\editor.cpp(522,104): warning C4018: '<': signed/unsigned mismatch
C:\Users\Lucas\Desktop\Work\Barony-abyss delver\Barony\src\draw.cpp(961,22): warning C4244: '=': conversion from 'real_t' to 'int', possible loss of data
C:\Users\Lucas\Desktop\Work\Barony-abyss delver\Barony\src\draw.cpp(962,30): warning C4244: '=': conversion from 'real_t' to 'int', possible loss of data
C:\Users\Lucas\Desktop\Work\Barony-abyss delver\Barony\src\draw.cpp(978,32): warning C4244: '=': conversion from 'real_t' to 'int', possible loss of data
C:\Users\Lucas\Desktop\Work\Barony-abyss delver\Barony\src\draw.cpp(984,16): warning C4244: '=': conversion from 'real_t' to 'int', possible loss of data
C:\Users\Lucas\Desktop\Work\Barony-abyss delver\Barony\src\editor.cpp(591,15): warning C4244: '=': conversion from 'real_t' to 'Uint32', possible loss of data
C:\Users\Lucas\Desktop\Work\Barony-abyss delver\Barony\src\draw.cpp(1020,30): warning C4018: '<': signed/unsigned mismatch
C:\Users\Lucas\Desktop\Work\Barony-abyss delver\Barony\src\draw.cpp(1116,14): warning C4244: '=': conversion from 'double' to 'long', possible loss of data
C:\Users\Lucas\Desktop\Work\Barony-abyss delver\Barony\src\draw.cpp(1117,14): warning C4244: '=': conversion from 'double' to 'long', possible loss of data
C:\Users\Lucas\Desktop\Work\Barony-abyss delver\Barony\src\editor.cpp(798,18): warning C4018: '<': signed/unsigned mismatch
C:\Users\Lucas\Desktop\Work\Barony-abyss delver\Barony\src\editor.cpp(800,19): warning C4018: '<': signed/unsigned mismatch
C:\Users\Lucas\Desktop\Work\Barony-abyss delver\Barony\src\draw.cpp(1128,38): warning C4018: '<': signed/unsigned mismatch
C:\Users\Lucas\Desktop\Work\Barony-abyss delver\Barony\src\editor.cpp(804,13): warning C4018: '<': signed/unsigned mismatch
C:\Users\Lucas\Desktop\Work\Barony-abyss delver\Barony\src\draw.cpp(1128,58): warning C4018: '<': signed/unsigned mismatch
C:\Users\Lucas\Desktop\Work\Barony-abyss delver\Barony\src\editor.cpp(820,13): warning C4018: '<': signed/unsigned mismatch
C:\Users\Lucas\Desktop\Work\Barony-abyss delver\Barony\src\editor.cpp(841,17): warning C4018: '<': signed/unsigned mismatch
C:\Users\Lucas\Desktop\Work\Barony-abyss delver\Barony\src\draw.cpp(1202,37): warning C4018: '<': signed/unsigned mismatch
C:\Users\Lucas\Desktop\Work\Barony-abyss delver\Barony\src\editor.cpp(843,18): warning C4018: '<': signed/unsigned mismatch
C:\Users\Lucas\Desktop\Work\Barony-abyss delver\Barony\src\draw.cpp(1202,56): warning C4018: '<': signed/unsigned mismatch
C:\Users\Lucas\Desktop\Work\Barony-abyss delver\Barony\src\draw.cpp(1213,43): warning C4018: '<': signed/unsigned mismatch
C:\Users\Lucas\Desktop\Work\Barony-abyss delver\Barony\src\draw.cpp(1213,63): warning C4018: '<': signed/unsigned mismatch
C:\Users\Lucas\Desktop\Work\Barony-abyss delver\Barony\src\draw.cpp(1237,40): warning C4018: '<': signed/unsigned mismatch
C:\Users\Lucas\Desktop\Work\Barony-abyss delver\Barony\src\draw.cpp(1237,59): warning C4018: '<': signed/unsigned mismatch
C:\Users\Lucas\Desktop\Work\Barony-abyss delver\Barony\src\draw.cpp(1317,17): warning C4244: '=': conversion from 'real_t' to 'long', possible loss of data
C:\Users\Lucas\Desktop\Work\Barony-abyss delver\Barony\src\draw.cpp(1318,17): warning C4244: '=': conversion from 'real_t' to 'long', possible loss of data
C:\Users\Lucas\Desktop\Work\Barony-abyss delver\Barony\src\draw.cpp(1319,30): warning C4018: '<': signed/unsigned mismatch
C:\Users\Lucas\Desktop\Work\Barony-abyss delver\Barony\src\draw.cpp(1319,47): warning C4018: '<': signed/unsigned mismatch
C:\Users\Lucas\Desktop\Work\Barony-abyss delver\Barony\src\draw.cpp(1388,42): warning C4244: '=': conversion from 'real_t' to 'int', possible loss of data
C:\Users\Lucas\Desktop\Work\Barony-abyss delver\Barony\src\draw.cpp(1389,42): warning C4244: '=': conversion from 'real_t' to 'int', possible loss of data
C:\Users\Lucas\Desktop\Work\Barony-abyss delver\Barony\src\draw.cpp(1394,46): warning C4018: '<': signed/unsigned mismatch
C:\Users\Lucas\Desktop\Work\Barony-abyss delver\Barony\src\draw.cpp(1494,42): warning C4244: '=': conversion from 'real_t' to 'int', possible loss of data
C:\Users\Lucas\Desktop\Work\Barony-abyss delver\Barony\src\draw.cpp(1495,42): warning C4244: '=': conversion from 'real_t' to 'int', possible loss of data
C:\Users\Lucas\Desktop\Work\Barony-abyss delver\Barony\src\draw.cpp(1500,46): warning C4018: '<': signed/unsigned mismatch
C:\Users\Lucas\Desktop\Work\Barony-abyss delver\Barony\src\draw.cpp(1868,17): warning C4018: '<': signed/unsigned mismatch
C:\Users\Lucas\Desktop\Work\Barony-abyss delver\Barony\src\draw.cpp(1870,18): warning C4018: '<': signed/unsigned mismatch
C:\Users\Lucas\Desktop\Work\Barony-abyss delver\Barony\src\draw.cpp(1898,23): warning C4244: '=': conversion from 'real_t' to 'int', possible loss of data
C:\Users\Lucas\Desktop\Work\Barony-abyss delver\Barony\src\draw.cpp(1899,13): warning C4244: '=': conversion from 'real_t' to 'int', possible loss of data
C:\Users\Lucas\Desktop\Work\Barony-abyss delver\Barony\src\draw.cpp(1900,30): warning C4244: '=': conversion from 'double' to 'int', possible loss of data
C:\Users\Lucas\Desktop\Work\Barony-abyss delver\Barony\src\draw.cpp(1901,31): warning C4244: '=': conversion from 'double' to 'int', possible loss of data
C:\Users\Lucas\Desktop\Work\Barony-abyss delver\Barony\src\draw.cpp(2011,22): warning C4244: 'argument': conversion from 'int' to 'GLfloat', possible loss of data
C:\Users\Lucas\Desktop\Work\Barony-abyss delver\Barony\src\draw.cpp(2011,13): warning C4244: 'argument': conversion from 'int' to 'GLfloat', possible loss of data
C:\Users\Lucas\Desktop\Work\Barony-abyss delver\Barony\src\draw.cpp(2012,22): warning C4244: 'argument': conversion from 'int' to 'GLfloat', possible loss of data
C:\Users\Lucas\Desktop\Work\Barony-abyss delver\Barony\src\draw.cpp(2012,13): warning C4244: 'argument': conversion from 'int' to 'GLfloat', possible loss of data
C:\Users\Lucas\Desktop\Work\Barony-abyss delver\Barony\src\draw.cpp(2013,22): warning C4244: 'argument': conversion from 'int' to 'GLfloat', possible loss of data
C:\Users\Lucas\Desktop\Work\Barony-abyss delver\Barony\src\draw.cpp(2013,13): warning C4244: 'argument': conversion from 'int' to 'GLfloat', possible loss of data
C:\Users\Lucas\Desktop\Work\Barony-abyss delver\Barony\src\draw.cpp(2014,22): warning C4244: 'argument': conversion from 'int' to 'GLfloat', possible loss of data
C:\Users\Lucas\Desktop\Work\Barony-abyss delver\Barony\src\draw.cpp(2014,13): warning C4244: 'argument': conversion from 'int' to 'GLfloat', possible loss of data
C:\Users\Lucas\Desktop\Work\Barony-abyss delver\Barony\src\draw.cpp(2019,31): warning C4244: 'argument': conversion from 'int' to 'GLfloat', possible loss of data
C:\Users\Lucas\Desktop\Work\Barony-abyss delver\Barony\src\draw.cpp(2019,16): warning C4244: 'argument': conversion from 'int' to 'GLfloat', possible loss of data
C:\Users\Lucas\Desktop\Work\Barony-abyss delver\Barony\src\draw.cpp(2020,31): warning C4244: 'argument': conversion from 'int' to 'GLfloat', possible loss of data
C:\Users\Lucas\Desktop\Work\Barony-abyss delver\Barony\src\draw.cpp(2020,16): warning C4244: 'argument': conversion from 'int' to 'GLfloat', possible loss of data
C:\Users\Lucas\Desktop\Work\Barony-abyss delver\Barony\src\draw.cpp(2021,31): warning C4244: 'argument': conversion from 'int' to 'GLfloat', possible loss of data
C:\Users\Lucas\Desktop\Work\Barony-abyss delver\Barony\src\draw.cpp(2021,16): warning C4244: 'argument': conversion from 'int' to 'GLfloat', possible loss of data
C:\Users\Lucas\Desktop\Work\Barony-abyss delver\Barony\src\draw.cpp(2022,31): warning C4244: 'argument': conversion from 'int' to 'GLfloat', possible loss of data
C:\Users\Lucas\Desktop\Work\Barony-abyss delver\Barony\src\draw.cpp(2022,16): warning C4244: 'argument': conversion from 'int' to 'GLfloat', possible loss of data
C:\Users\Lucas\Desktop\Work\Barony-abyss delver\Barony\src\draw.cpp(2028,31): warning C4244: 'argument': conversion from 'int' to 'GLfloat', possible loss of data
C:\Users\Lucas\Desktop\Work\Barony-abyss delver\Barony\src\draw.cpp(2028,16): warning C4244: 'argument': conversion from 'int' to 'GLfloat', possible loss of data
C:\Users\Lucas\Desktop\Work\Barony-abyss delver\Barony\src\draw.cpp(2029,32): warning C4244: 'argument': conversion from 'real_t' to 'GLfloat', possible loss of data
C:\Users\Lucas\Desktop\Work\Barony-abyss delver\Barony\src\draw.cpp(2030,31): warning C4244: 'argument': conversion from 'int' to 'GLfloat', possible loss of data
C:\Users\Lucas\Desktop\Work\Barony-abyss delver\Barony\src\draw.cpp(2030,16): warning C4244: 'argument': conversion from 'int' to 'GLfloat', possible loss of data
C:\Users\Lucas\Desktop\Work\Barony-abyss delver\Barony\src\draw.cpp(2031,67): warning C4244: 'argument': conversion from 'real_t' to 'GLfloat', possible loss of data
C:\Users\Lucas\Desktop\Work\Barony-abyss delver\Barony\src\draw.cpp(2031,29): warning C4244: 'argument': conversion from 'real_t' to 'GLfloat', possible loss of data
C:\Users\Lucas\Desktop\Work\Barony-abyss delver\Barony\src\draw.cpp(2032,31): warning C4244: 'argument': conversion from 'int' to 'GLfloat', possible loss of data
C:\Users\Lucas\Desktop\Work\Barony-abyss delver\Barony\src\draw.cpp(2032,16): warning C4244: 'argument': conversion from 'int' to 'GLfloat', possible loss of data
C:\Users\Lucas\Desktop\Work\Barony-abyss delver\Barony\src\draw.cpp(2033,29): warning C4244: 'argument': conversion from 'real_t' to 'GLfloat', possible loss of data
C:\Users\Lucas\Desktop\Work\Barony-abyss delver\Barony\src\draw.cpp(2034,31): warning C4244: 'argument': conversion from 'int' to 'GLfloat', possible loss of data
C:\Users\Lucas\Desktop\Work\Barony-abyss delver\Barony\src\draw.cpp(2034,16): warning C4244: 'argument': conversion from 'int' to 'GLfloat', possible loss of data
C:\Users\Lucas\Desktop\Work\Barony-abyss delver\Barony\src\draw.cpp(2064,17): warning C4018: '<': signed/unsigned mismatch
C:\Users\Lucas\Desktop\Work\Barony-abyss delver\Barony\src\draw.cpp(2477,40): warning C4244: '=': conversion from 'real_t' to 'int', possible loss of data
C:\Users\Lucas\Desktop\Work\Barony-abyss delver\Barony\src\draw.cpp(2479,40): warning C4244: '=': conversion from 'real_t' to 'int', possible loss of data
C:\Users\Lucas\Desktop\Work\Barony-abyss delver\Barony\src\draw.cpp(2490,13): warning C4244: '=': conversion from 'real_t' to 'int', possible loss of data
C:\Users\Lucas\Desktop\Work\Barony-abyss delver\Barony\src\draw.cpp(2491,13): warning C4244: '=': conversion from 'real_t' to 'int', possible loss of data
C:\Users\Lucas\Desktop\Work\Barony-abyss delver\Barony\src\draw.cpp(2499,15): warning C4244: '=': conversion from 'double' to 'int', possible loss of data
C:\Users\Lucas\Desktop\Work\Barony-abyss delver\Barony\src\draw.cpp(2500,15): warning C4244: '=': conversion from 'double' to 'int', possible loss of data
C:\Users\Lucas\Desktop\Work\Barony-abyss delver\Barony\src\editor.cpp(1050,6): warning C4101: 'c': unreferenced local variable
C:\Users\Lucas\Desktop\Work\Barony-abyss delver\Barony\src\editor.cpp(1180,9): warning C4101: 'line': unreferenced local variable
C:\Users\Lucas\Desktop\Work\Barony-abyss delver\Barony\src\editor.cpp(1154,6): warning C4101: 'c': unreferenced local variable
C:\Users\Lucas\Desktop\Work\Barony-abyss delver\Barony\src\editor.cpp(1400,12): warning C4244: 'argument': conversion from 'time_t' to 'unsigned int', possible loss of data
C:\Users\Lucas\Desktop\Work\Barony-abyss delver\Barony\src\editor.cpp(1419,18): warning C4018: '<': signed/unsigned mismatch
C:\Users\Lucas\Desktop\Work\Barony-abyss delver\Barony\src\editor.cpp(1421,19): warning C4018: '<': signed/unsigned mismatch
C:\Users\Lucas\Desktop\Work\Barony-abyss delver\Barony\src\editor.cpp(1443,16): warning C4018: '<': signed/unsigned mismatch
C:\Users\Lucas\Desktop\Work\Barony-abyss delver\Barony\src\editor.cpp(1869,18): warning C4018: '>': signed/unsigned mismatch
C:\Users\Lucas\Desktop\Work\Barony-abyss delver\Barony\src\editor.cpp(1877,18): warning C4018: '>': signed/unsigned mismatch
C:\Users\Lucas\Desktop\Work\Barony-abyss delver\Barony\src\editor.cpp(1885,18): warning C4018: '>': signed/unsigned mismatch
C:\Users\Lucas\Desktop\Work\Barony-abyss delver\Barony\src\editor.cpp(1893,18): warning C4018: '>': signed/unsigned mismatch
C:\Users\Lucas\Desktop\Work\Barony-abyss delver\Barony\src\editor.cpp(1901,18): warning C4018: '>': signed/unsigned mismatch
C:\Users\Lucas\Desktop\Work\Barony-abyss delver\Barony\src\editor.cpp(2041,34): warning C4018: '<': signed/unsigned mismatch
C:\Users\Lucas\Desktop\Work\Barony-abyss delver\Barony\src\editor.cpp(2041,69): warning C4018: '<': signed/unsigned mismatch
C:\Users\Lucas\Desktop\Work\Barony-abyss delver\Barony\src\editor.cpp(2058,29): warning C4018: '<': signed/unsigned mismatch
C:\Users\Lucas\Desktop\Work\Barony-abyss delver\Barony\src\editor.cpp(2058,56): warning C4018: '<': signed/unsigned mismatch
C:\Users\Lucas\Desktop\Work\Barony-abyss delver\Barony\src\editor.cpp(2070,49): warning C4018: '<': signed/unsigned mismatch
C:\Users\Lucas\Desktop\Work\Barony-abyss delver\Barony\src\editor.cpp(2070,70): warning C4018: '<': signed/unsigned mismatch
C:\Users\Lucas\Desktop\Work\Barony-abyss delver\Barony\src\editor.cpp(2116,34): warning C4018: '<': signed/unsigned mismatch
C:\Users\Lucas\Desktop\Work\Barony-abyss delver\Barony\src\editor.cpp(2116,69): warning C4018: '<': signed/unsigned mismatch
C:\Users\Lucas\Desktop\Work\Barony-abyss delver\Barony\src\editor.cpp(2126,23): warning C4018: '<': signed/unsigned mismatch
C:\Users\Lucas\Desktop\Work\Barony-abyss delver\Barony\src\editor.cpp(2128,24): warning C4018: '<': signed/unsigned mismatch
C:\Users\Lucas\Desktop\Work\Barony-abyss delver\Barony\src\editor.cpp(2130,43): warning C4018: '<': signed/unsigned mismatch
C:\Users\Lucas\Desktop\Work\Barony-abyss delver\Barony\src\editor.cpp(2130,86): warning C4018: '<': signed/unsigned mismatch
C:\Users\Lucas\Desktop\Work\Barony-abyss delver\Barony\src\editor.cpp(2153,32): warning C4018: '<': signed/unsigned mismatch
C:\Users\Lucas\Desktop\Work\Barony-abyss delver\Barony\src\editor.cpp(2153,67): warning C4018: '<': signed/unsigned mismatch
C:\Users\Lucas\Desktop\Work\Barony-abyss delver\Barony\src\editor.cpp(2210,41): warning C4244: 'argument': conversion from 'real_t' to 'Sint32', possible loss of data
C:\Users\Lucas\Desktop\Work\Barony-abyss delver\Barony\src\editor.cpp(2210,31): warning C4244: 'argument': conversion from 'real_t' to 'Sint32', possible loss of data
C:\Users\Lucas\Desktop\Work\Barony-abyss delver\Barony\src\editor.cpp(2251,44): warning C4018: '<': signed/unsigned mismatch
C:\Users\Lucas\Desktop\Work\Barony-abyss delver\Barony\src\editor.cpp(2270,30): warning C4018: '<': signed/unsigned mismatch
C:\Users\Lucas\Desktop\Work\Barony-abyss delver\Barony\src\editor.cpp(2270,65): warning C4018: '<': signed/unsigned mismatch
C:\Users\Lucas\Desktop\Work\Barony-abyss delver\Barony\src\editor.cpp(2273,23): warning C4018: '<': signed/unsigned mismatch
C:\Users\Lucas\Desktop\Work\Barony-abyss delver\Barony\src\editor.cpp(2521,95): warning C4244: 'argument': conversion from 'real_t' to 'const _Ty', possible loss of data
C:\Users\Lucas\Desktop\Work\Barony-abyss delver\Barony\src\editor.cpp(2521,95): warning C4244:         with
C:\Users\Lucas\Desktop\Work\Barony-abyss delver\Barony\src\editor.cpp(2521,95): warning C4244:         [
C:\Users\Lucas\Desktop\Work\Barony-abyss delver\Barony\src\editor.cpp(2521,95): warning C4244:             _Ty=int
C:\Users\Lucas\Desktop\Work\Barony-abyss delver\Barony\src\editor.cpp(2521,95): warning C4244:         ]
C:\Users\Lucas\Desktop\Work\Barony-abyss delver\Barony\src\editor.cpp(2526,77): warning C4244: '=': conversion from 'real_t' to 'int', possible loss of data
C:\Users\Lucas\Desktop\Work\Barony-abyss delver\Barony\src\editor.cpp(2531,78): warning C4244: '=': conversion from 'real_t' to 'int', possible loss of data
C:\Users\Lucas\Desktop\Work\Barony-abyss delver\Barony\src\editor.cpp(2541,78): warning C4244: '=': conversion from 'real_t' to 'int', possible loss of data
C:\Users\Lucas\Desktop\Work\Barony-abyss delver\Barony\src\editor.cpp(2603,97): warning C4244: 'argument': conversion from 'real_t' to 'const _Ty', possible loss of data
C:\Users\Lucas\Desktop\Work\Barony-abyss delver\Barony\src\editor.cpp(2603,97): warning C4244:         with
C:\Users\Lucas\Desktop\Work\Barony-abyss delver\Barony\src\editor.cpp(2603,97): warning C4244:         [
C:\Users\Lucas\Desktop\Work\Barony-abyss delver\Barony\src\editor.cpp(2603,97): warning C4244:             _Ty=int
C:\Users\Lucas\Desktop\Work\Barony-abyss delver\Barony\src\editor.cpp(2603,97): warning C4244:         ]
C:\Users\Lucas\Desktop\Work\Barony-abyss delver\Barony\src\editor.cpp(2608,77): warning C4244: '=': conversion from 'real_t' to 'int', possible loss of data
C:\Users\Lucas\Desktop\Work\Barony-abyss delver\Barony\src\editor.cpp(2613,79): warning C4244: '=': conversion from 'real_t' to 'int', possible loss of data
C:\Users\Lucas\Desktop\Work\Barony-abyss delver\Barony\src\editor.cpp(2625,79): warning C4244: '=': conversion from 'real_t' to 'int', possible loss of data
C:\Users\Lucas\Desktop\Work\Barony-abyss delver\Barony\src\editor.cpp(4038,95): warning C4244: 'argument': conversion from 'real_t' to 'const _Ty', possible loss of data
C:\Users\Lucas\Desktop\Work\Barony-abyss delver\Barony\src\editor.cpp(4038,95): warning C4244:         with
C:\Users\Lucas\Desktop\Work\Barony-abyss delver\Barony\src\editor.cpp(4038,95): warning C4244:         [
C:\Users\Lucas\Desktop\Work\Barony-abyss delver\Barony\src\editor.cpp(4038,95): warning C4244:             _Ty=int
C:\Users\Lucas\Desktop\Work\Barony-abyss delver\Barony\src\editor.cpp(4038,95): warning C4244:         ]
C:\Users\Lucas\Desktop\Work\Barony-abyss delver\Barony\src\editor.cpp(4043,65): warning C4244: '=': conversion from 'real_t' to 'int', possible loss of data
C:\Users\Lucas\Desktop\Work\Barony-abyss delver\Barony\src\editor.cpp(4048,68): warning C4244: '=': conversion from 'real_t' to 'int', possible loss of data
C:\Users\Lucas\Desktop\Work\Barony-abyss delver\Barony\src\editor.cpp(4056,68): warning C4244: '=': conversion from 'real_t' to 'int', possible loss of data
C:\Users\Lucas\Desktop\Work\Barony-abyss delver\Barony\src\editor.cpp(6610,28): warning C4018: '<': signed/unsigned mismatch
C:\Users\Lucas\Desktop\Work\Barony-abyss delver\Barony\src\editor.cpp(6613,29): warning C4018: '<': signed/unsigned mismatch
C:\Users\Lucas\Desktop\Work\Barony-abyss delver\Barony\src\editor.cpp(6652,28): warning C4018: '<': signed/unsigned mismatch
C:\Users\Lucas\Desktop\Work\Barony-abyss delver\Barony\src\editor.cpp(6655,29): warning C4018: '<': signed/unsigned mismatch
C:\Users\Lucas\Desktop\Work\Barony-abyss delver\Barony\src\editor.cpp(6671,29): warning C4018: '<': signed/unsigned mismatch
C:\Users\Lucas\Desktop\Work\Barony-abyss delver\Barony\src\editor.cpp(6677,28): warning C4018: '<': signed/unsigned mismatch
C:\Users\Lucas\Desktop\Work\Barony-abyss delver\Barony\src\editor.cpp(6685,30): warning C4018: '<': signed/unsigned mismatch
C:\Users\Lucas\Desktop\Work\Barony-abyss delver\Barony\src\editor.cpp(6746,29): warning C4018: '<': signed/unsigned mismatch
C:\Users\Lucas\Desktop\Work\Barony-abyss delver\Barony\src\editor.cpp(6752,28): warning C4018: '<': signed/unsigned mismatch
C:\Users\Lucas\Desktop\Work\Barony-abyss delver\Barony\src\editor.cpp(6760,30): warning C4018: '<': signed/unsigned mismatch
C:\Users\Lucas\Desktop\Work\Barony-abyss delver\Barony\src\editor.cpp(6821,28): warning C4018: '<': signed/unsigned mismatch
C:\Users\Lucas\Desktop\Work\Barony-abyss delver\Barony\src\init.cpp(770,7): warning C4101: 'dummy': unreferenced local variable
C:\Users\Lucas\Desktop\Work\Barony-abyss delver\Barony\src\editor.cpp(6829,29): warning C4018: '<': signed/unsigned mismatch
C:\Users\Lucas\Desktop\Work\Barony-abyss delver\Barony\src\init.cpp(1018,43): warning C4018: '<': signed/unsigned mismatch
C:\Users\Lucas\Desktop\Work\Barony-abyss delver\Barony\src\editor.cpp(6878,28): warning C4018: '<': signed/unsigned mismatch
C:\Users\Lucas\Desktop\Work\Barony-abyss delver\Barony\src\init.cpp(1099,41): warning C4018: '<': signed/unsigned mismatch
C:\Users\Lucas\Desktop\Work\Barony-abyss delver\Barony\src\editor.cpp(6886,29): warning C4018: '<': signed/unsigned mismatch
C:\Users\Lucas\Desktop\Work\Barony-abyss delver\Barony\src\init.cpp(1164,43): warning C4018: '<': signed/unsigned mismatch
C:\Users\Lucas\Desktop\Work\Barony-abyss delver\Barony\src\editor.cpp(7033,19): warning C4018: '<': signed/unsigned mismatch
C:\Users\Lucas\Desktop\Work\Barony-abyss delver\Barony\src\init.cpp(1245,41): warning C4018: '<': signed/unsigned mismatch
C:\Users\Lucas\Desktop\Work\Barony-abyss delver\Barony\src\editor.cpp(7068,13): warning C4018: '<': signed/unsigned mismatch
C:\Users\Lucas\Desktop\Work\Barony-abyss delver\Barony\src\editor.cpp(7097,13): warning C4018: '<': signed/unsigned mismatch
C:\Users\Lucas\Desktop\Work\Barony-abyss delver\Barony\src\init.cpp(1310,43): warning C4018: '<': signed/unsigned mismatch
C:\Users\Lucas\Desktop\Work\Barony-abyss delver\Barony\src\editor.cpp(7206,19): warning C4018: '<': signed/unsigned mismatch
C:\Users\Lucas\Desktop\Work\Barony-abyss delver\Barony\src\init.cpp(1390,41): warning C4018: '<': signed/unsigned mismatch
C:\Users\Lucas\Desktop\Work\Barony-abyss delver\Barony\src\editor.cpp(7224,13): warning C4018: '<': signed/unsigned mismatch
C:\Users\Lucas\Desktop\Work\Barony-abyss delver\Barony\src\editor.cpp(7237,13): warning C4018: '<': signed/unsigned mismatch
C:\Users\Lucas\Desktop\Work\Barony-abyss delver\Barony\src\init.cpp(1455,43): warning C4018: '<': signed/unsigned mismatch
C:\Users\Lucas\Desktop\Work\Barony-abyss delver\Barony\src\init.cpp(1535,41): warning C4018: '<': signed/unsigned mismatch
C:\Users\Lucas\Desktop\Work\Barony-abyss delver\Barony\src\init.cpp(1600,43): warning C4018: '<': signed/unsigned mismatch
C:\Users\Lucas\Desktop\Work\Barony-abyss delver\Barony\src\init.cpp(1681,41): warning C4018: '<': signed/unsigned mismatch
C:\Users\Lucas\Desktop\Work\Barony-abyss delver\Barony\src\init.cpp(1746,43): warning C4018: '<': signed/unsigned mismatch
C:\Users\Lucas\Desktop\Work\Barony-abyss delver\Barony\src\init.cpp(1827,41): warning C4018: '<': signed/unsigned mismatch
C:\Users\Lucas\Desktop\Work\Barony-abyss delver\Barony\src\init.cpp(1855,18): warning C4018: '<': signed/unsigned mismatch
C:\Users\Lucas\Desktop\Work\Barony-abyss delver\Barony\src\init.cpp(1925,22): warning C4018: '<': signed/unsigned mismatch
C:\Users\Lucas\Desktop\Work\Barony-abyss delver\Barony\src\init.cpp(1933,30): warning C4244: '=': conversion from 'const real_t' to '_Ty', possible loss of data
C:\Users\Lucas\Desktop\Work\Barony-abyss delver\Barony\src\init.cpp(1933,30): warning C4244:         with
C:\Users\Lucas\Desktop\Work\Barony-abyss delver\Barony\src\init.cpp(1933,30): warning C4244:         [
C:\Users\Lucas\Desktop\Work\Barony-abyss delver\Barony\src\init.cpp(1933,30): warning C4244:             _Ty=GLfloat
C:\Users\Lucas\Desktop\Work\Barony-abyss delver\Barony\src\init.cpp(1933,30): warning C4244:         ]
C:\Users\Lucas\Desktop\Work\Barony-abyss delver\Barony\src\init.cpp(1934,30): warning C4244: '=': conversion from 'const real_t' to '_Ty', possible loss of data
C:\Users\Lucas\Desktop\Work\Barony-abyss delver\Barony\src\init.cpp(1934,30): warning C4244:         with
C:\Users\Lucas\Desktop\Work\Barony-abyss delver\Barony\src\init.cpp(1934,30): warning C4244:         [
C:\Users\Lucas\Desktop\Work\Barony-abyss delver\Barony\src\init.cpp(1934,30): warning C4244:             _Ty=GLfloat
C:\Users\Lucas\Desktop\Work\Barony-abyss delver\Barony\src\init.cpp(1934,30): warning C4244:         ]
C:\Users\Lucas\Desktop\Work\Barony-abyss delver\Barony\src\init.cpp(1935,34): warning C4244: '=': conversion from 'const real_t' to '_Ty', possible loss of data
C:\Users\Lucas\Desktop\Work\Barony-abyss delver\Barony\src\init.cpp(1935,34): warning C4244:         with
C:\Users\Lucas\Desktop\Work\Barony-abyss delver\Barony\src\init.cpp(1935,34): warning C4244:         [
C:\Users\Lucas\Desktop\Work\Barony-abyss delver\Barony\src\init.cpp(1935,34): warning C4244:             _Ty=GLfloat
C:\Users\Lucas\Desktop\Work\Barony-abyss delver\Barony\src\init.cpp(1935,34): warning C4244:         ]
C:\Users\Lucas\Desktop\Work\Barony-abyss delver\Barony\src\init.cpp(2452,39): warning C4244: 'argument': conversion from 'real_t' to 'float', possible loss of data
C:\Users\Lucas\Desktop\Work\Barony-abyss delver\Barony\src\init.cpp(2485,18): warning C4018: '<': signed/unsigned mismatch
C:\Users\Lucas\Desktop\Work\Barony-abyss delver\Barony\src\init.cpp(2528,17): warning C4018: '<': signed/unsigned mismatch
C:\Users\Lucas\Desktop\Work\Barony-abyss delver\Barony\src\init.cpp(2554,6): warning C4101: 'c': unreferenced local variable
C:\Users\Lucas\Desktop\Work\Barony-abyss delver\Barony\src\magic\magic.hpp(385,2): warning C4091: 'typedef ': ignored on left of 'spell_t' when no variable is declared (compiling source file ..\..\src\stat_shared.cpp)
C:\Users\Lucas\Desktop\Work\Barony-abyss delver\Barony\src\items_editor.cpp(64,10): warning C4101: 'y': unreferenced local variable
C:\Users\Lucas\Desktop\Work\Barony-abyss delver\Barony\src\items_editor.cpp(309,18): warning C4018: '<': signed/unsigned mismatch
C:\Users\Lucas\Desktop\Work\Barony-abyss delver\Barony\src\files.cpp(1150,18): warning C4018: '<': signed/unsigned mismatch
C:\Users\Lucas\Desktop\Work\Barony-abyss delver\Barony\src\files.cpp(1151,19): warning C4018: '<': signed/unsigned mismatch
C:\Users\Lucas\Desktop\Work\Barony-abyss delver\Barony\src\files.cpp(657,8): warning C4101: 's': unreferenced local variable
C:\Users\Lucas\Desktop\Work\Barony-abyss delver\Barony\src\files.cpp(1410,14): warning C4244: '=': conversion from 'real_t' to 'Sint32', possible loss of data
C:\Users\Lucas\Desktop\Work\Barony-abyss delver\Barony\src\files.cpp(1411,14): warning C4244: '=': conversion from 'real_t' to 'Sint32', possible loss of data
C:\Users\Lucas\Desktop\Work\Barony-abyss delver\Barony\src\files.cpp(1909,23): warning C4018: '<': signed/unsigned mismatch
C:\Users\Lucas\Desktop\Work\Barony-abyss delver\Barony\src\files.cpp(2087,8): warning C4101: 'tempstr': unreferenced local variable
C:\Users\Lucas\Desktop\Work\Barony-abyss delver\Barony\src\files.cpp(2140,8): warning C4101: 'tempstr': unreferenced local variable
C:\Users\Lucas\Desktop\Work\Barony-abyss delver\Barony\src\files.cpp(2176,22): warning C4018: '<': signed/unsigned mismatch
C:\Users\Lucas\Desktop\Work\Barony-abyss delver\Barony\src\files.cpp(2202,23): warning C4018: '<': signed/unsigned mismatch
C:\Users\Lucas\Desktop\Work\Barony-abyss delver\Barony\src\files.cpp(2237,23): warning C4018: '<': signed/unsigned mismatch
  Microsoft (R) Incremental Linker Version 14.23.28106.4
  Copyright (C) Microsoft Corporation.  All rights reserved.
  
  "/OUT:C:\Users\Lucas\Desktop\Work\Barony-abyss delver\Barony\VS.2015\Release\editor.exe" steam_api.lib OpenGL32.lib glu32.lib SDL2.lib SDL2main.lib SDL2_net.lib SDL2_image.lib fmodex_vc.lib libpng.lib zlib.lib SDL2_ttf.lib physfs.lib kernel32.lib user32.lib gdi32.lib winspool.lib comdlg32.lib advapi32.lib shell32.lib ole32.lib oleaut32.lib uuid.lib odbc32.lib odbccp32.lib /MANIFEST "/MANIFESTUAC:level='asInvoker' uiAccess='false'" /manifest:embed /DEBUG "/PDB:C:\Users\Lucas\Desktop\Work\Barony-abyss delver\Barony\VS.2015\Release\editor.pdb" /SUBSYSTEM:WINDOWS /OPT:REF /OPT:ICF /LTCG:incremental /TLBID:1 /DYNAMICBASE /NXCOMPAT "/IMPLIB:C:\Users\Lucas\Desktop\Work\Barony-abyss delver\Barony\VS.2015\Release\editor.lib" /MACHINE:X86 /SAFESEH Release\wineditoricon.res 
  Release\buttons.obj 
  Release\cursors.obj 
  Release\draw.obj 
  Release\editor.obj 
  Release\entity_editor.obj 
  Release\entity_shared.obj 
  Release\files.obj 
  Release\hash.obj 
  Release\init.obj 
  Release\items_editor.obj 
  Release\light.obj 
  Release\list.obj 
  Release\main.obj 
  Release\objects.obj 
  Release\opengl.obj 
  Release\sound.obj 
  Release\stat_editor.obj 
  Release\stat_shared.obj 
  Release\steam_shared.obj 
  Generating code
  0 of 1296 functions ( 0.0%) were compiled, the rest were copied from previous compilation.
    0 functions were new in current compilation
    0 functions had inline decision re-evaluated but remain unchanged
  Finished generating code
  editor.vcxproj -> C:\Users\Lucas\Desktop\Work\Barony-abyss delver\Barony\VS.2015\Release\editor.exe
