c:\users\lucas\desktop\work\barony-abyss delver\barony\vs.2015\editor\release\editor.obj
c:\users\lucas\desktop\work\barony-abyss delver\barony\vs.2015\editor\release\light.obj
c:\users\lucas\desktop\work\barony-abyss delver\barony\vs.2015\editor\release\stat_editor.obj
c:\users\lucas\desktop\work\barony-abyss delver\barony\vs.2015\editor\release\hash.obj
c:\users\lucas\desktop\work\barony-abyss delver\barony\vs.2015\editor\release\main.obj
c:\users\lucas\desktop\work\barony-abyss delver\barony\vs.2015\editor\release\buttons.obj
c:\users\lucas\desktop\work\barony-abyss delver\barony\vs.2015\editor\release\sound.obj
c:\users\lucas\desktop\work\barony-abyss delver\barony\vs.2015\editor\release\entity_shared.obj
c:\users\lucas\desktop\work\barony-abyss delver\barony\vs.2015\editor\release\list.obj
c:\users\lucas\desktop\work\barony-abyss delver\barony\vs.2015\editor\release\stat_shared.obj
c:\users\lucas\desktop\work\barony-abyss delver\barony\vs.2015\editor\release\entity_editor.obj
c:\users\lucas\desktop\work\barony-abyss delver\barony\vs.2015\editor\release\opengl.obj
c:\users\lucas\desktop\work\barony-abyss delver\barony\vs.2015\editor\release\draw.obj
c:\users\lucas\desktop\work\barony-abyss delver\barony\vs.2015\editor\release\objects.obj
c:\users\lucas\desktop\work\barony-abyss delver\barony\vs.2015\editor\release\files.obj
c:\users\lucas\desktop\work\barony-abyss delver\barony\vs.2015\editor\release\init.obj
c:\users\lucas\desktop\work\barony-abyss delver\barony\vs.2015\editor\release\cursors.obj
c:\users\lucas\desktop\work\barony-abyss delver\barony\vs.2015\editor\release\items_editor.obj
c:\users\lucas\desktop\work\barony-abyss delver\barony\vs.2015\editor\release\steam_shared.obj
c:\users\lucas\desktop\work\barony-abyss delver\barony\vs.2015\editor\release\vc142.pdb
c:\users\lucas\desktop\work\barony-abyss delver\barony\vs.2015\release\editor.ipdb
c:\users\lucas\desktop\work\barony-abyss delver\barony\vs.2015\release\editor.iobj
c:\users\lucas\desktop\work\barony-abyss delver\barony\vs.2015\release\editor.exe
c:\users\lucas\desktop\work\barony-abyss delver\barony\vs.2015\release\editor.pdb
c:\users\lucas\desktop\work\barony-abyss delver\barony\vs.2015\editor\release\wineditoricon.res
c:\users\lucas\desktop\work\barony-abyss delver\barony\vs.2015\editor\release\editor.tlog\cl.14300.write.1.tlog
c:\users\lucas\desktop\work\barony-abyss delver\barony\vs.2015\editor\release\editor.tlog\cl.command.1.tlog
c:\users\lucas\desktop\work\barony-abyss delver\barony\vs.2015\editor\release\editor.tlog\cl.read.1.tlog
c:\users\lucas\desktop\work\barony-abyss delver\barony\vs.2015\editor\release\editor.tlog\editor.write.1u.tlog
c:\users\lucas\desktop\work\barony-abyss delver\barony\vs.2015\editor\release\editor.tlog\link.command.1.tlog
c:\users\lucas\desktop\work\barony-abyss delver\barony\vs.2015\editor\release\editor.tlog\link.read.1.tlog
c:\users\lucas\desktop\work\barony-abyss delver\barony\vs.2015\editor\release\editor.tlog\link.write.1.tlog
c:\users\lucas\desktop\work\barony-abyss delver\barony\vs.2015\editor\release\editor.tlog\rc.command.1.tlog
c:\users\lucas\desktop\work\barony-abyss delver\barony\vs.2015\editor\release\editor.tlog\rc.read.1.tlog
c:\users\lucas\desktop\work\barony-abyss delver\barony\vs.2015\editor\release\editor.tlog\rc.write.1.tlog
