  init.cpp
C:\Users\Lucas\Desktop\Work\Barony-abyss delver\Barony\src\main.hpp(55,1): warning C4005:  'PATH_MAX': macro redefinition
C:\Users\Lucas\Desktop\Work\Barony-abyss delver\Barony\VS-includes\dirent.h(150): message :  see previous definition of 'PATH_MAX'
C:\Users\Lucas\Desktop\Work\Barony-abyss delver\Barony\src\init.cpp(770,7): warning C4101:  'dummy': unreferenced local variable
C:\Users\Lucas\Desktop\Work\Barony-abyss delver\Barony\src\init.cpp(1018,43): warning C4018:  '<': signed/unsigned mismatch
C:\Users\Lucas\Desktop\Work\Barony-abyss delver\Barony\src\init.cpp(1099,41): warning C4018:  '<': signed/unsigned mismatch
C:\Users\Lucas\Desktop\Work\Barony-abyss delver\Barony\src\init.cpp(1164,43): warning C4018:  '<': signed/unsigned mismatch
C:\Users\Lucas\Desktop\Work\Barony-abyss delver\Barony\src\init.cpp(1245,41): warning C4018:  '<': signed/unsigned mismatch
C:\Users\Lucas\Desktop\Work\Barony-abyss delver\Barony\src\init.cpp(1310,43): warning C4018:  '<': signed/unsigned mismatch
C:\Users\Lucas\Desktop\Work\Barony-abyss delver\Barony\src\init.cpp(1390,41): warning C4018:  '<': signed/unsigned mismatch
C:\Users\Lucas\Desktop\Work\Barony-abyss delver\Barony\src\init.cpp(1455,43): warning C4018:  '<': signed/unsigned mismatch
C:\Users\Lucas\Desktop\Work\Barony-abyss delver\Barony\src\init.cpp(1535,41): warning C4018:  '<': signed/unsigned mismatch
C:\Users\Lucas\Desktop\Work\Barony-abyss delver\Barony\src\init.cpp(1600,43): warning C4018:  '<': signed/unsigned mismatch
C:\Users\Lucas\Desktop\Work\Barony-abyss delver\Barony\src\init.cpp(1681,41): warning C4018:  '<': signed/unsigned mismatch
C:\Users\Lucas\Desktop\Work\Barony-abyss delver\Barony\src\init.cpp(1746,43): warning C4018:  '<': signed/unsigned mismatch
C:\Users\Lucas\Desktop\Work\Barony-abyss delver\Barony\src\init.cpp(1827,41): warning C4018:  '<': signed/unsigned mismatch
C:\Users\Lucas\Desktop\Work\Barony-abyss delver\Barony\src\init.cpp(1855,18): warning C4018:  '<': signed/unsigned mismatch
C:\Users\Lucas\Desktop\Work\Barony-abyss delver\Barony\src\init.cpp(1925,22): warning C4018:  '<': signed/unsigned mismatch
C:\Users\Lucas\Desktop\Work\Barony-abyss delver\Barony\src\init.cpp(1933,30): warning C4244:  '=': conversion from 'const real_t' to '_Ty', possible loss of data
C:\Users\Lucas\Desktop\Work\Barony-abyss delver\Barony\src\init.cpp(1933,30): warning C4244:         with
C:\Users\Lucas\Desktop\Work\Barony-abyss delver\Barony\src\init.cpp(1933,30): warning C4244:         [
C:\Users\Lucas\Desktop\Work\Barony-abyss delver\Barony\src\init.cpp(1933,30): warning C4244:             _Ty=GLfloat
C:\Users\Lucas\Desktop\Work\Barony-abyss delver\Barony\src\init.cpp(1933,30): warning C4244:         ]
C:\Users\Lucas\Desktop\Work\Barony-abyss delver\Barony\src\init.cpp(1934,30): warning C4244:  '=': conversion from 'const real_t' to '_Ty', possible loss of data
C:\Users\Lucas\Desktop\Work\Barony-abyss delver\Barony\src\init.cpp(1934,30): warning C4244:         with
C:\Users\Lucas\Desktop\Work\Barony-abyss delver\Barony\src\init.cpp(1934,30): warning C4244:         [
C:\Users\Lucas\Desktop\Work\Barony-abyss delver\Barony\src\init.cpp(1934,30): warning C4244:             _Ty=GLfloat
C:\Users\Lucas\Desktop\Work\Barony-abyss delver\Barony\src\init.cpp(1934,30): warning C4244:         ]
C:\Users\Lucas\Desktop\Work\Barony-abyss delver\Barony\src\init.cpp(1935,34): warning C4244:  '=': conversion from 'const real_t' to '_Ty', possible loss of data
C:\Users\Lucas\Desktop\Work\Barony-abyss delver\Barony\src\init.cpp(1935,34): warning C4244:         with
C:\Users\Lucas\Desktop\Work\Barony-abyss delver\Barony\src\init.cpp(1935,34): warning C4244:         [
C:\Users\Lucas\Desktop\Work\Barony-abyss delver\Barony\src\init.cpp(1935,34): warning C4244:             _Ty=GLfloat
C:\Users\Lucas\Desktop\Work\Barony-abyss delver\Barony\src\init.cpp(1935,34): warning C4244:         ]
C:\Users\Lucas\Desktop\Work\Barony-abyss delver\Barony\src\init.cpp(2452,39): warning C4244:  'argument': conversion from 'real_t' to 'float', possible loss of data
C:\Users\Lucas\Desktop\Work\Barony-abyss delver\Barony\src\init.cpp(2485,18): warning C4018:  '<': signed/unsigned mismatch
C:\Users\Lucas\Desktop\Work\Barony-abyss delver\Barony\src\init.cpp(2528,17): warning C4018:  '<': signed/unsigned mismatch
C:\Users\Lucas\Desktop\Work\Barony-abyss delver\Barony\src\init.cpp(2554,6): warning C4101:  'c': unreferenced local variable
  Generating code
  40 of 5197 functions ( 0.8%) were compiled, the rest were copied from previous compilation.
    0 functions were new in current compilation
    301 functions had inline decision re-evaluated but remain unchanged
  Finished generating code
  barony.vcxproj -> C:\Users\Lucas\Desktop\Work\Barony-abyss delver\Barony\VS.2015\Release\barony_test.exe
